<?xml version="1.0" encoding="UTF-8"?>
<testsuites tests="15" failures="6" disabled="0" errors="0" time="3.886" timestamp="2025-04-10T16:30:25.754" name="AllTests">
  <testsuite name="TestUFiTCommandLine" tests="4" failures="4" disabled="0" skipped="0" errors="0" time="0.072" timestamp="2025-04-10T16:30:25.754">
    <testcase name="TestStepSize" file="/ProjectDir/testSuite/src/BlackBoxTest.cpp" line="3" status="run" result="completed" time="0.024" timestamp="2025-04-10T16:30:25.754" classname="TestUFiTCommandLine">
      <failure message="/ProjectDir/testSuite/src/BlackBoxTest.cpp:17&#x0A;Expected equality of these values:&#x0A;  exitCodes[i]&#x0A;    Which is: 28416&#x0A;  expectedExitCodes[i]&#x0A;    Which is: 0&#x0A;Program did not execute successfully, exit code: 28416&#x0A;&#x0A;" type=""><![CDATA[/ProjectDir/testSuite/src/BlackBoxTest.cpp:17
Expected equality of these values:
  exitCodes[i]
    Which is: 28416
  expectedExitCodes[i]
    Which is: 0
Program did not execute successfully, exit code: 28416

]]></failure>
      <failure message="/ProjectDir/testSuite/src/BlackBoxTest.cpp:17&#x0A;Expected equality of these values:&#x0A;  exitCodes[i]&#x0A;    Which is: 28416&#x0A;  expectedExitCodes[i]&#x0A;    Which is: 0&#x0A;Program did not execute successfully, exit code: 28416&#x0A;&#x0A;" type=""><![CDATA[/ProjectDir/testSuite/src/BlackBoxTest.cpp:17
Expected equality of these values:
  exitCodes[i]
    Which is: 28416
  expectedExitCodes[i]
    Which is: 0
Program did not execute successfully, exit code: 28416

]]></failure>
      <failure message="/ProjectDir/testSuite/src/BlackBoxTest.cpp:17&#x0A;Expected equality of these values:&#x0A;  exitCodes[i]&#x0A;    Which is: 28416&#x0A;  expectedExitCodes[i]&#x0A;    Which is: 0&#x0A;Program did not execute successfully, exit code: 28416&#x0A;&#x0A;" type=""><![CDATA[/ProjectDir/testSuite/src/BlackBoxTest.cpp:17
Expected equality of these values:
  exitCodes[i]
    Which is: 28416
  expectedExitCodes[i]
    Which is: 0
Program did not execute successfully, exit code: 28416

]]></failure>
      <failure message="/ProjectDir/testSuite/src/BlackBoxTest.cpp:17&#x0A;Expected equality of these values:&#x0A;  exitCodes[i]&#x0A;    Which is: 28416&#x0A;  expectedExitCodes[i]&#x0A;    Which is: 0&#x0A;Program did not execute successfully, exit code: 28416&#x0A;&#x0A;" type=""><![CDATA[/ProjectDir/testSuite/src/BlackBoxTest.cpp:17
Expected equality of these values:
  exitCodes[i]
    Which is: 28416
  expectedExitCodes[i]
    Which is: 0
Program did not execute successfully, exit code: 28416

]]></failure>
      <failure message="/ProjectDir/testSuite/src/BlackBoxTest.cpp:17&#x0A;Expected equality of these values:&#x0A;  exitCodes[i]&#x0A;    Which is: 28416&#x0A;  expectedExitCodes[i]&#x0A;    Which is: 0&#x0A;Program did not execute successfully, exit code: 28416&#x0A;&#x0A;" type=""><![CDATA[/ProjectDir/testSuite/src/BlackBoxTest.cpp:17
Expected equality of these values:
  exitCodes[i]
    Which is: 28416
  expectedExitCodes[i]
    Which is: 0
Program did not execute successfully, exit code: 28416

]]></failure>
      <failure message="/ProjectDir/testSuite/src/BlackBoxTest.cpp:17&#x0A;Expected equality of these values:&#x0A;  exitCodes[i]&#x0A;    Which is: 28416&#x0A;  expectedExitCodes[i]&#x0A;    Which is: 1&#x0A;Program did not execute successfully, exit code: 28416&#x0A;&#x0A;" type=""><![CDATA[/ProjectDir/testSuite/src/BlackBoxTest.cpp:17
Expected equality of these values:
  exitCodes[i]
    Which is: 28416
  expectedExitCodes[i]
    Which is: 1
Program did not execute successfully, exit code: 28416

]]></failure>
      <failure message="/ProjectDir/testSuite/src/BlackBoxTest.cpp:17&#x0A;Expected equality of these values:&#x0A;  exitCodes[i]&#x0A;    Which is: 28416&#x0A;  expectedExitCodes[i]&#x0A;    Which is: 0&#x0A;Program did not execute successfully, exit code: 28416&#x0A;&#x0A;" type=""><![CDATA[/ProjectDir/testSuite/src/BlackBoxTest.cpp:17
Expected equality of these values:
  exitCodes[i]
    Which is: 28416
  expectedExitCodes[i]
    Which is: 0
Program did not execute successfully, exit code: 28416

]]></failure>
      <failure message="/ProjectDir/testSuite/src/BlackBoxTest.cpp:17&#x0A;Expected equality of these values:&#x0A;  exitCodes[i]&#x0A;    Which is: 28416&#x0A;  expectedExitCodes[i]&#x0A;    Which is: 0&#x0A;Program did not execute successfully, exit code: 28416&#x0A;&#x0A;" type=""><![CDATA[/ProjectDir/testSuite/src/BlackBoxTest.cpp:17
Expected equality of these values:
  exitCodes[i]
    Which is: 28416
  expectedExitCodes[i]
    Which is: 0
Program did not execute successfully, exit code: 28416

]]></failure>
      <failure message="/ProjectDir/testSuite/src/BlackBoxTest.cpp:17&#x0A;Expected equality of these values:&#x0A;  exitCodes[i]&#x0A;    Which is: 28416&#x0A;  expectedExitCodes[i]&#x0A;    Which is: 0&#x0A;Program did not execute successfully, exit code: 28416&#x0A;&#x0A;" type=""><![CDATA[/ProjectDir/testSuite/src/BlackBoxTest.cpp:17
Expected equality of these values:
  exitCodes[i]
    Which is: 28416
  expectedExitCodes[i]
    Which is: 0
Program did not execute successfully, exit code: 28416

]]></failure>
      <failure message="/ProjectDir/testSuite/src/BlackBoxTest.cpp:17&#x0A;Expected equality of these values:&#x0A;  exitCodes[i]&#x0A;    Which is: 28416&#x0A;  expectedExitCodes[i]&#x0A;    Which is: 0&#x0A;Program did not execute successfully, exit code: 28416&#x0A;&#x0A;" type=""><![CDATA[/ProjectDir/testSuite/src/BlackBoxTest.cpp:17
Expected equality of these values:
  exitCodes[i]
    Which is: 28416
  expectedExitCodes[i]
    Which is: 0
Program did not execute successfully, exit code: 28416

]]></failure>
      <failure message="/ProjectDir/testSuite/src/BlackBoxTest.cpp:17&#x0A;Expected equality of these values:&#x0A;  exitCodes[i]&#x0A;    Which is: 28416&#x0A;  expectedExitCodes[i]&#x0A;    Which is: 0&#x0A;Program did not execute successfully, exit code: 28416&#x0A;&#x0A;" type=""><![CDATA[/ProjectDir/testSuite/src/BlackBoxTest.cpp:17
Expected equality of these values:
  exitCodes[i]
    Which is: 28416
  expectedExitCodes[i]
    Which is: 0
Program did not execute successfully, exit code: 28416

]]></failure>
    </testcase>
    <testcase name="TestMaxSteps" file="/ProjectDir/testSuite/src/BlackBoxTest.cpp" line="21" status="run" result="completed" time="0.016" timestamp="2025-04-10T16:30:25.779" classname="TestUFiTCommandLine">
      <failure message="/ProjectDir/testSuite/src/BlackBoxTest.cpp:35&#x0A;Expected equality of these values:&#x0A;  exitCodes[i]&#x0A;    Which is: 28416&#x0A;  expectedExitCodes[i]&#x0A;    Which is: 0&#x0A;Program did not execute successfully, exit code: 28416&#x0A;&#x0A;" type=""><![CDATA[/ProjectDir/testSuite/src/BlackBoxTest.cpp:35
Expected equality of these values:
  exitCodes[i]
    Which is: 28416
  expectedExitCodes[i]
    Which is: 0
Program did not execute successfully, exit code: 28416

]]></failure>
      <failure message="/ProjectDir/testSuite/src/BlackBoxTest.cpp:35&#x0A;Expected equality of these values:&#x0A;  exitCodes[i]&#x0A;    Which is: 28416&#x0A;  expectedExitCodes[i]&#x0A;    Which is: 1&#x0A;Program did not execute successfully, exit code: 28416&#x0A;&#x0A;" type=""><![CDATA[/ProjectDir/testSuite/src/BlackBoxTest.cpp:35
Expected equality of these values:
  exitCodes[i]
    Which is: 28416
  expectedExitCodes[i]
    Which is: 1
Program did not execute successfully, exit code: 28416

]]></failure>
      <failure message="/ProjectDir/testSuite/src/BlackBoxTest.cpp:35&#x0A;Expected equality of these values:&#x0A;  exitCodes[i]&#x0A;    Which is: 28416&#x0A;  expectedExitCodes[i]&#x0A;    Which is: 0&#x0A;Program did not execute successfully, exit code: 28416&#x0A;&#x0A;" type=""><![CDATA[/ProjectDir/testSuite/src/BlackBoxTest.cpp:35
Expected equality of these values:
  exitCodes[i]
    Which is: 28416
  expectedExitCodes[i]
    Which is: 0
Program did not execute successfully, exit code: 28416

]]></failure>
      <failure message="/ProjectDir/testSuite/src/BlackBoxTest.cpp:35&#x0A;Expected equality of these values:&#x0A;  exitCodes[i]&#x0A;    Which is: 28416&#x0A;  expectedExitCodes[i]&#x0A;    Which is: 1&#x0A;Program did not execute successfully, exit code: 28416&#x0A;&#x0A;" type=""><![CDATA[/ProjectDir/testSuite/src/BlackBoxTest.cpp:35
Expected equality of these values:
  exitCodes[i]
    Which is: 28416
  expectedExitCodes[i]
    Which is: 1
Program did not execute successfully, exit code: 28416

]]></failure>
      <failure message="/ProjectDir/testSuite/src/BlackBoxTest.cpp:35&#x0A;Expected equality of these values:&#x0A;  exitCodes[i]&#x0A;    Which is: 28416&#x0A;  expectedExitCodes[i]&#x0A;    Which is: 0&#x0A;Program did not execute successfully, exit code: 28416&#x0A;&#x0A;" type=""><![CDATA[/ProjectDir/testSuite/src/BlackBoxTest.cpp:35
Expected equality of these values:
  exitCodes[i]
    Which is: 28416
  expectedExitCodes[i]
    Which is: 0
Program did not execute successfully, exit code: 28416

]]></failure>
      <failure message="/ProjectDir/testSuite/src/BlackBoxTest.cpp:35&#x0A;Expected equality of these values:&#x0A;  exitCodes[i]&#x0A;    Which is: 28416&#x0A;  expectedExitCodes[i]&#x0A;    Which is: 0&#x0A;Program did not execute successfully, exit code: 28416&#x0A;&#x0A;" type=""><![CDATA[/ProjectDir/testSuite/src/BlackBoxTest.cpp:35
Expected equality of these values:
  exitCodes[i]
    Which is: 28416
  expectedExitCodes[i]
    Which is: 0
Program did not execute successfully, exit code: 28416

]]></failure>
      <failure message="/ProjectDir/testSuite/src/BlackBoxTest.cpp:35&#x0A;Expected equality of these values:&#x0A;  exitCodes[i]&#x0A;    Which is: 28416&#x0A;  expectedExitCodes[i]&#x0A;    Which is: 0&#x0A;Program did not execute successfully, exit code: 28416&#x0A;&#x0A;" type=""><![CDATA[/ProjectDir/testSuite/src/BlackBoxTest.cpp:35
Expected equality of these values:
  exitCodes[i]
    Which is: 28416
  expectedExitCodes[i]
    Which is: 0
Program did not execute successfully, exit code: 28416

]]></failure>
      <failure message="/ProjectDir/testSuite/src/BlackBoxTest.cpp:35&#x0A;Expected equality of these values:&#x0A;  exitCodes[i]&#x0A;    Which is: 28416&#x0A;  expectedExitCodes[i]&#x0A;    Which is: 0&#x0A;Program did not execute successfully, exit code: 28416&#x0A;&#x0A;" type=""><![CDATA[/ProjectDir/testSuite/src/BlackBoxTest.cpp:35
Expected equality of these values:
  exitCodes[i]
    Which is: 28416
  expectedExitCodes[i]
    Which is: 0
Program did not execute successfully, exit code: 28416

]]></failure>
    </testcase>
    <testcase name="TestGeometry" file="/ProjectDir/testSuite/src/BlackBoxTest.cpp" line="39" status="run" result="completed" time="0.026" timestamp="2025-04-10T16:30:25.795" classname="TestUFiTCommandLine">
      <failure message="/ProjectDir/testSuite/src/BlackBoxTest.cpp:53&#x0A;Expected equality of these values:&#x0A;  exitCodes[i]&#x0A;    Which is: 28416&#x0A;  expectedExitCodes[i]&#x0A;    Which is: 0&#x0A;Program did not execute successfully, exit code: 28416&#x0A;&#x0A;" type=""><![CDATA[/ProjectDir/testSuite/src/BlackBoxTest.cpp:53
Expected equality of these values:
  exitCodes[i]
    Which is: 28416
  expectedExitCodes[i]
    Which is: 0
Program did not execute successfully, exit code: 28416

]]></failure>
      <failure message="/ProjectDir/testSuite/src/BlackBoxTest.cpp:53&#x0A;Expected equality of these values:&#x0A;  exitCodes[i]&#x0A;    Which is: 28416&#x0A;  expectedExitCodes[i]&#x0A;    Which is: 0&#x0A;Program did not execute successfully, exit code: 28416&#x0A;&#x0A;" type=""><![CDATA[/ProjectDir/testSuite/src/BlackBoxTest.cpp:53
Expected equality of these values:
  exitCodes[i]
    Which is: 28416
  expectedExitCodes[i]
    Which is: 0
Program did not execute successfully, exit code: 28416

]]></failure>
      <failure message="/ProjectDir/testSuite/src/BlackBoxTest.cpp:53&#x0A;Expected equality of these values:&#x0A;  exitCodes[i]&#x0A;    Which is: 28416&#x0A;  expectedExitCodes[i]&#x0A;    Which is: 0&#x0A;Program did not execute successfully, exit code: 28416&#x0A;&#x0A;" type=""><![CDATA[/ProjectDir/testSuite/src/BlackBoxTest.cpp:53
Expected equality of these values:
  exitCodes[i]
    Which is: 28416
  expectedExitCodes[i]
    Which is: 0
Program did not execute successfully, exit code: 28416

]]></failure>
      <failure message="/ProjectDir/testSuite/src/BlackBoxTest.cpp:53&#x0A;Expected equality of these values:&#x0A;  exitCodes[i]&#x0A;    Which is: 28416&#x0A;  expectedExitCodes[i]&#x0A;    Which is: 1&#x0A;Program did not execute successfully, exit code: 28416&#x0A;&#x0A;" type=""><![CDATA[/ProjectDir/testSuite/src/BlackBoxTest.cpp:53
Expected equality of these values:
  exitCodes[i]
    Which is: 28416
  expectedExitCodes[i]
    Which is: 1
Program did not execute successfully, exit code: 28416

]]></failure>
      <failure message="/ProjectDir/testSuite/src/BlackBoxTest.cpp:53&#x0A;Expected equality of these values:&#x0A;  exitCodes[i]&#x0A;    Which is: 28416&#x0A;  expectedExitCodes[i]&#x0A;    Which is: 1&#x0A;Program did not execute successfully, exit code: 28416&#x0A;&#x0A;" type=""><![CDATA[/ProjectDir/testSuite/src/BlackBoxTest.cpp:53
Expected equality of these values:
  exitCodes[i]
    Which is: 28416
  expectedExitCodes[i]
    Which is: 1
Program did not execute successfully, exit code: 28416

]]></failure>
      <failure message="/ProjectDir/testSuite/src/BlackBoxTest.cpp:53&#x0A;Expected equality of these values:&#x0A;  exitCodes[i]&#x0A;    Which is: 28416&#x0A;  expectedExitCodes[i]&#x0A;    Which is: 1&#x0A;Program did not execute successfully, exit code: 28416&#x0A;&#x0A;" type=""><![CDATA[/ProjectDir/testSuite/src/BlackBoxTest.cpp:53
Expected equality of these values:
  exitCodes[i]
    Which is: 28416
  expectedExitCodes[i]
    Which is: 1
Program did not execute successfully, exit code: 28416

]]></failure>
      <failure message="/ProjectDir/testSuite/src/BlackBoxTest.cpp:53&#x0A;Expected equality of these values:&#x0A;  exitCodes[i]&#x0A;    Which is: 28416&#x0A;  expectedExitCodes[i]&#x0A;    Which is: 1&#x0A;Program did not execute successfully, exit code: 28416&#x0A;&#x0A;" type=""><![CDATA[/ProjectDir/testSuite/src/BlackBoxTest.cpp:53
Expected equality of these values:
  exitCodes[i]
    Which is: 28416
  expectedExitCodes[i]
    Which is: 1
Program did not execute successfully, exit code: 28416

]]></failure>
      <failure message="/ProjectDir/testSuite/src/BlackBoxTest.cpp:53&#x0A;Expected equality of these values:&#x0A;  exitCodes[i]&#x0A;    Which is: 28416&#x0A;  expectedExitCodes[i]&#x0A;    Which is: 1&#x0A;Program did not execute successfully, exit code: 28416&#x0A;&#x0A;" type=""><![CDATA[/ProjectDir/testSuite/src/BlackBoxTest.cpp:53
Expected equality of these values:
  exitCodes[i]
    Which is: 28416
  expectedExitCodes[i]
    Which is: 1
Program did not execute successfully, exit code: 28416

]]></failure>
      <failure message="/ProjectDir/testSuite/src/BlackBoxTest.cpp:53&#x0A;Expected equality of these values:&#x0A;  exitCodes[i]&#x0A;    Which is: 28416&#x0A;  expectedExitCodes[i]&#x0A;    Which is: 1&#x0A;Program did not execute successfully, exit code: 28416&#x0A;&#x0A;" type=""><![CDATA[/ProjectDir/testSuite/src/BlackBoxTest.cpp:53
Expected equality of these values:
  exitCodes[i]
    Which is: 28416
  expectedExitCodes[i]
    Which is: 1
Program did not execute successfully, exit code: 28416

]]></failure>
      <failure message="/ProjectDir/testSuite/src/BlackBoxTest.cpp:53&#x0A;Expected equality of these values:&#x0A;  exitCodes[i]&#x0A;    Which is: 28416&#x0A;  expectedExitCodes[i]&#x0A;    Which is: 1&#x0A;Program did not execute successfully, exit code: 28416&#x0A;&#x0A;" type=""><![CDATA[/ProjectDir/testSuite/src/BlackBoxTest.cpp:53
Expected equality of these values:
  exitCodes[i]
    Which is: 28416
  expectedExitCodes[i]
    Which is: 1
Program did not execute successfully, exit code: 28416

]]></failure>
      <failure message="/ProjectDir/testSuite/src/BlackBoxTest.cpp:53&#x0A;Expected equality of these values:&#x0A;  exitCodes[i]&#x0A;    Which is: 28416&#x0A;  expectedExitCodes[i]&#x0A;    Which is: 1&#x0A;Program did not execute successfully, exit code: 28416&#x0A;&#x0A;" type=""><![CDATA[/ProjectDir/testSuite/src/BlackBoxTest.cpp:53
Expected equality of these values:
  exitCodes[i]
    Which is: 28416
  expectedExitCodes[i]
    Which is: 1
Program did not execute successfully, exit code: 28416

]]></failure>
      <failure message="/ProjectDir/testSuite/src/BlackBoxTest.cpp:53&#x0A;Expected equality of these values:&#x0A;  exitCodes[i]&#x0A;    Which is: 28416&#x0A;  expectedExitCodes[i]&#x0A;    Which is: 1&#x0A;Program did not execute successfully, exit code: 28416&#x0A;&#x0A;" type=""><![CDATA[/ProjectDir/testSuite/src/BlackBoxTest.cpp:53
Expected equality of these values:
  exitCodes[i]
    Which is: 28416
  expectedExitCodes[i]
    Which is: 1
Program did not execute successfully, exit code: 28416

]]></failure>
      <failure message="/ProjectDir/testSuite/src/BlackBoxTest.cpp:53&#x0A;Expected equality of these values:&#x0A;  exitCodes[i]&#x0A;    Which is: 28416&#x0A;  expectedExitCodes[i]&#x0A;    Which is: 1&#x0A;Program did not execute successfully, exit code: 28416&#x0A;&#x0A;" type=""><![CDATA[/ProjectDir/testSuite/src/BlackBoxTest.cpp:53
Expected equality of these values:
  exitCodes[i]
    Which is: 28416
  expectedExitCodes[i]
    Which is: 1
Program did not execute successfully, exit code: 28416

]]></failure>
    </testcase>
    <testcase name="TestPeriodicPhi" file="/ProjectDir/testSuite/src/BlackBoxTest.cpp" line="57" status="run" result="completed" time="0.004" timestamp="2025-04-10T16:30:25.822" classname="TestUFiTCommandLine">
      <failure message="/ProjectDir/testSuite/src/BlackBoxTest.cpp:64&#x0A;Expected equality of these values:&#x0A;  exitCodesTrue&#x0A;    Which is: 28416&#x0A;  expectedExitCodesTrue&#x0A;    Which is: 0&#x0A;Program did not execute successfully, exit code: 28416&#x0A;&#x0A;" type=""><![CDATA[/ProjectDir/testSuite/src/BlackBoxTest.cpp:64
Expected equality of these values:
  exitCodesTrue
    Which is: 28416
  expectedExitCodesTrue
    Which is: 0
Program did not execute successfully, exit code: 28416

]]></failure>
      <failure message="/ProjectDir/testSuite/src/BlackBoxTest.cpp:71&#x0A;Expected equality of these values:&#x0A;  exitCodesFalse&#x0A;    Which is: 28416&#x0A;  expectedExitCodesFalse&#x0A;    Which is: 0&#x0A;Program did not execute successfully, exit code: 28416&#x0A;&#x0A;" type=""><![CDATA[/ProjectDir/testSuite/src/BlackBoxTest.cpp:71
Expected equality of these values:
  exitCodesFalse
    Which is: 28416
  expectedExitCodesFalse
    Which is: 0
Program did not execute successfully, exit code: 28416

]]></failure>
    </testcase>
  </testsuite>
  <testsuite name="TestGBTUFiTCommandLine" tests="8" failures="0" disabled="0" skipped="0" errors="0" time="2.77" timestamp="2025-04-10T16:30:25.826">
    <testcase name="TestCorrectInputFile" file="/ProjectDir/testSuite/src/GreyBoxTest.cpp" line="5" status="run" result="completed" time="0.53" timestamp="2025-04-10T16:30:25.826" classname="TestGBTUFiTCommandLine" />
    <testcase name="TestMissingInputFile" file="/ProjectDir/testSuite/src/GreyBoxTest.cpp" line="14" status="run" result="completed" time="0.005" timestamp="2025-04-10T16:30:26.357" classname="TestGBTUFiTCommandLine" />
    <testcase name="TestWrongInputFile" file="/ProjectDir/testSuite/src/GreyBoxTest.cpp" line="24" status="run" result="completed" time="0.002" timestamp="2025-04-10T16:30:26.362" classname="TestGBTUFiTCommandLine" />
    <testcase name="TestCorrectBFile" file="/ProjectDir/testSuite/src/GreyBoxTest.cpp" line="34" status="run" result="completed" time="0.575" timestamp="2025-04-10T16:30:26.365" classname="TestGBTUFiTCommandLine" />
    <testcase name="TestMissingBFile" file="/ProjectDir/testSuite/src/GreyBoxTest.cpp" line="44" status="run" result="completed" time="0.002" timestamp="2025-04-10T16:30:26.940" classname="TestGBTUFiTCommandLine" />
    <testcase name="TestWrongBFile" file="/ProjectDir/testSuite/src/GreyBoxTest.cpp" line="54" status="run" result="completed" time="0.002" timestamp="2025-04-10T16:30:26.943" classname="TestGBTUFiTCommandLine" />
    <testcase name="TestInvalidCLA" file="/ProjectDir/testSuite/src/GreyBoxTest.cpp" line="64" status="run" result="completed" time="0.553" timestamp="2025-04-10T16:30:26.945" classname="TestGBTUFiTCommandLine" />
    <testcase name="TestSequentialRun" file="/ProjectDir/testSuite/src/GreyBoxTest.cpp" line="74" status="run" result="completed" time="1.098" timestamp="2025-04-10T16:30:27.499" classname="TestGBTUFiTCommandLine" />
  </testsuite>
  <testsuite name="RegressionTest" tests="3" failures="2" disabled="0" skipped="0" errors="0" time="1.043" timestamp="2025-04-10T16:30:28.597">
    <testcase name="BinaryOutputMatch" file="/ProjectDir/testSuite/src/RegressionTest.cpp" line="17" status="run" result="completed" time="0.002" timestamp="2025-04-10T16:30:28.597" classname="RegressionTest">
      <failure message="/ProjectDir/testSuite/src/RegressionTest.cpp:20&#x0A;Expected equality of these values:&#x0A;  ret&#x0A;    Which is: 28160&#x0A;  0&#x0A;Fortran program execution failed&#x0A;" type=""><![CDATA[/ProjectDir/testSuite/src/RegressionTest.cpp:20
Expected equality of these values:
  ret
    Which is: 28160
  0
Fortran program execution failed
]]></failure>
    </testcase>
    <testcase name="PerformanceBenchmark" file="/ProjectDir/testSuite/src/RegressionTest.cpp" line="31" status="run" result="completed" time="0.001" timestamp="2025-04-10T16:30:28.600" classname="RegressionTest">
      <failure message="/ProjectDir/testSuite/src/RegressionTest.cpp:36&#x0A;Expected equality of these values:&#x0A;  ret&#x0A;    Which is: 28160&#x0A;  0&#x0A;Fortran program execution failed&#x0A;" type=""><![CDATA[/ProjectDir/testSuite/src/RegressionTest.cpp:36
Expected equality of these values:
  ret
    Which is: 28160
  0
Fortran program execution failed
]]></failure>
    </testcase>
    <testcase name="TestUfitDipoleFLF" file="/ProjectDir/testSuite/src/RegressionTest.cpp" line="44" status="run" result="completed" time="1.038" timestamp="2025-04-10T16:30:28.602" classname="RegressionTest" />
  </testsuite>
</testsuites>
